2020-04-29__21:02:51 /opt/google/chrome/chrome 1759 victoria 2.10% 4.90%
-2020-04-29__21:03:01 /opt/google/chrome/chrome 1759 victoria 2.10% 4.90%
-2020-04-29__21:07:26 /opt/google/chrome/chrome 1759 victoria 2.00% 4.80%
-2020-04-29__21:07:37 /opt/google/chrome/chrome 1759 victoria 2.00% 4.80%
-2020-04-29__21:07:47 /opt/google/chrome/chrome 1759 victoria 2.00% 4.80%
-2020-04-29__21:07:57 /opt/google/chrome/chrome 1759 victoria 2.00% 4.80%
-2020-04-29__21:08:07 /opt/google/chrome/chrome 1759 victoria 2.00% 4.80%
-2020-04-29__21:08:17 /opt/google/chrome/chrome 1759 victoria 2.00% 4.80%
-2020-04-29__21:08:27 /opt/google/chrome/chrome 1759 victoria 2.00% 4.80%
-2020-04-29__21:08:37 /opt/google/chrome/chrome 1759 victoria 2.00% 4.80%
-2020-04-29__21:08:47 /opt/google/chrome/chrome 1759 victoria 2.00% 4.80%
-2020-04-29__21:08:57 /opt/google/chrome/chrome 1759 victoria 2.00% 4.80%
-2020-04-29__21:09:07 /opt/google/chrome/chrome 1759 victoria 2.00% 4.80%
-2020-04-29__21:09:17 /opt/google/chrome/chrome 1759 victoria 2.00% 4.80%
-2020-04-29__21:09:28 /opt/google/chrome/chrome 1759 victoria 2.00% 4.80%
-2020-04-29__21:09:38 /opt/google/chrome/chrome 1759 victoria 1.90% 4.80%
-2020-04-29__21:09:48 /opt/google/chrome/chrome 1759 victoria 1.90% 4.80%
-2020-04-29__21:09:58 /opt/google/chrome/chrome 1759 victoria 1.90% 4.80%
-2020-04-29__21:10:08 /opt/google/chrome/chrome 1759 victoria 1.90% 4.80%
-2020-04-29__21:10:18 /opt/google/chrome/chrome 1759 victoria 1.90% 4.80%
-2020-04-29__21:12:44 /opt/zoom/zoom 7663 victoria 39.40% 13.80%
-2020-04-29__21:12:54 /opt/zoom/zoom 7663 victoria 39.50% 13.80%
-2020-04-29__21:13:04 /opt/zoom/zoom 7663 victoria 39.50% 13.80%
-2020-04-29__21:13:14 /opt/zoom/zoom 7663 victoria 39.50% 13.80%
-2020-04-29__21:13:24 /opt/zoom/zoom 7663 victoria 39.50% 13.80%
-2020-04-29__21:13:34 /opt/zoom/zoom 7663 victoria 39.50% 13.80%
-2020-04-29__21:13:45 /opt/zoom/zoom 7663 victoria 39.50% 13.80%
-2020-04-29__21:13:55 /opt/zoom/zoom 7663 victoria 39.50% 13.80%
-2020-04-29__21:14:05 /opt/zoom/zoom 7663 victoria 39.50% 13.80%
-2020-04-29__21:14:15 /usr/bin/lastore-tools 18019 root 7.00% 0.40%
-2020-04-29__21:14:25 /opt/zoom/zoom 7663 victoria 39.50% 13.80%
-2020-04-29__21:14:35 /opt/zoom/zoom 7663 victoria 39.60% 13.80%
-2020-04-29__21:14:45 /opt/zoom/zoom 7663 victoria 39.60% 13.80%
-2020-04-30__12:56:48 /opt/google/chrome/chrome 14629 victoria 3.20% 4.00%
-2020-04-30__12:56:58 /opt/google/chrome/chrome 14629 victoria 3.20% 4.00%
-2020-04-30__12:57:09 /opt/google/chrome/chrome 14629 victoria 3.20% 4.00%
-2020-04-30__12:57:19 /opt/google/chrome/chrome 14629 victoria 3.10% 4.00%
-2020-04-30__12:57:29 /opt/google/chrome/chrome 14629 victoria 3.10% 4.00%
-2020-04-30__12:57:39 /opt/google/chrome/chrome 14629 victoria 3.10% 4.00%
-2020-04-30__12:57:49 /opt/google/chrome/chrome 14629 victoria 3.10% 4.00%
-2020-04-30__12:57:59 vim 19496 victoria 12.00% 0.50%
-2020-04-30__12:58:09 vim 19496 victoria 6.00% 0.50%
-2020-04-30__12:58:20 /opt/google/chrome/chrome 14629 victoria 3.00% 4.00%
-2020-04-30__12:58:30 /opt/google/chrome/chrome 14629 victoria 3.00% 4.00%
-2020-04-30__12:58:40 /opt/google/chrome/chrome 14629 victoria 3.00% 4.00%
-2020-04-30__12:58:50 /opt/google/chrome/chrome 14629 victoria 2.90% 4.00%
-2020-04-30__12:59:00 /opt/google/chrome/chrome 14629 victoria 2.90% 4.00%
-2020-04-30__12:59:10 /opt/google/chrome/chrome 14629 victoria 2.90% 4.00%
-2020-04-30__12:59:20 /opt/google/chrome/chrome 14629 victoria 2.90% 4.00%
-2020-04-30__12:59:31 /opt/google/chrome/chrome 14629 victoria 2.90% 4.00%
-2020-04-30__12:59:41 /opt/google/chrome/chrome 14629 victoria 2.80% 4.00%
-2020-04-30__12:59:51 /opt/google/chrome/chrome 14629 victoria 2.80% 4.00%
-2020-04-30__13:00:01 /opt/google/chrome/chrome 14629 victoria 2.80% 4.00%
-2020-04-30__13:00:11 /opt/google/chrome/chrome 14629 victoria 2.80% 4.00%
-2020-04-30__13:00:21 /opt/google/chrome/chrome 14629 victoria 2.80% 4.00%
-2020-04-30__13:00:31 /opt/google/chrome/chrome 14629 victoria 2.80% 4.00%
-2020-04-30__13:00:42 /opt/google/chrome/chrome 14629 victoria 2.70% 4.00%
-2020-04-30__13:00:52 /opt/google/chrome/chrome 14629 victoria 2.70% 4.00%
-2020-04-30__13:01:02 /opt/google/chrome/chrome 14629 victoria 2.70% 4.00%
-2020-04-30__13:01:12 /opt/google/chrome/chrome 14629 victoria 2.70% 4.00%
-2020-04-30__13:01:22 /opt/google/chrome/chrome 14629 victoria 2.70% 4.00%
-2020-04-30__13:01:32 /opt/google/chrome/chrome 14629 victoria 2.60% 4.00%
-2020-04-30__13:01:43 /opt/google/chrome/chrome 14629 victoria 2.60% 4.00%
-2020-04-30__13:01:53 /opt/google/chrome/chrome 14629 victoria 2.60% 4.00%
-2020-04-30__13:02:03 /opt/google/chrome/chrome 14629 victoria 2.60% 4.00%
-2020-04-30__13:02:13 /opt/google/chrome/chrome 14629 victoria 2.60% 4.00%
-2020-04-30__13:02:23 /opt/google/chrome/chrome 14629 victoria 2.60% 4.00%
-2020-04-30__13:02:33 /opt/google/chrome/chrome 14629 victoria 2.60% 4.00%
-2020-04-30__13:02:43 /opt/google/chrome/chrome 14629 victoria 2.50% 4.00%
-2020-04-30__13:02:53 /opt/google/chrome/chrome 14629 victoria 2.50% 4.00%
-2020-04-30__13:03:04 /opt/google/chrome/chrome 14629 victoria 2.50% 4.00%
-2020-04-30__13:03:14 /opt/google/chrome/chrome 14629 victoria 2.50% 4.00%
-2020-04-30__13:03:24 /opt/google/chrome/chrome 14629 victoria 2.50% 4.00%
-2020-04-30__13:03:34 /opt/google/chrome/chrome 14629 victoria 2.50% 4.00%
-2020-04-30__13:03:44 /opt/google/chrome/chrome 14629 victoria 2.50% 4.00%
-2020-04-30__13:03:54 /opt/google/chrome/chrome 14629 victoria 2.40% 4.00%
-2020-04-30__13:04:04 /opt/google/chrome/chrome 14629 victoria 2.40% 4.00%
-2020-04-30__13:04:15 /opt/google/chrome/chrome 14629 victoria 2.40% 4.00%
-2020-04-30__13:04:25 /opt/google/chrome/chrome 14629 victoria 2.40% 4.00%
-2020-04-30__13:04:35 /opt/google/chrome/chrome 14629 victoria 2.40% 4.00%
-2020-04-30__13:04:45 /opt/google/chrome/chrome 14629 victoria 2.40% 4.00%
-2020-04-30__13:04:55 /opt/google/chrome/chrome 14629 victoria 2.40% 4.00%
-2020-04-30__13:05:05 /opt/google/chrome/chrome 14629 victoria 2.30% 4.00%
-2020-04-30__13:05:15 /opt/google/chrome/chrome 14629 victoria 2.30% 4.00%
-2020-04-30__13:05:26 /opt/google/chrome/chrome 14629 victoria 2.30% 4.00%
-2020-04-30__13:05:36 /opt/google/chrome/chrome 14629 victoria 2.30% 4.00%
-2020-04-30__13:05:46 /opt/google/chrome/chrome 14629 victoria 2.30% 4.00%
-2020-04-30__13:05:56 /opt/google/chrome/chrome 14629 victoria 2.30% 4.00%
-2020-04-30__13:06:06 /opt/google/chrome/chrome 14629 victoria 2.30% 4.00%
-2020-04-30__13:06:16 /opt/google/chrome/chrome 14629 victoria 2.30% 4.00%
-2020-04-30__13:06:26 /opt/google/chrome/chrome 14629 victoria 2.20% 4.00%
-2020-04-30__13:06:37 /opt/google/chrome/chrome 14629 victoria 2.20% 4.00%
-2020-04-30__13:06:47 /opt/google/chrome/chrome 14629 victoria 2.20% 4.00%
-2020-04-30__13:06:57 /opt/google/chrome/chrome 14629 victoria 2.20% 4.00%
-2020-04-30__13:07:07 /opt/google/chrome/chrome 14629 victoria 2.20% 4.00%
-2020-04-30__13:07:17 /opt/google/chrome/chrome 14629 victoria 2.20% 4.00%
-2020-04-30__13:07:27 /opt/google/chrome/chrome 14629 victoria 2.20% 4.00%
-2020-04-30__13:07:37 /opt/google/chrome/chrome 14629 victoria 2.20% 4.00%
-2020-04-30__13:07:48 /opt/google/chrome/chrome 14629 victoria 2.20% 4.00%
-2020-04-30__13:07:58 /opt/google/chrome/chrome 14629 victoria 2.10% 4.00%
-2020-04-30__13:08:08 /opt/google/chrome/chrome 14629 victoria 2.10% 4.00%
-2020-04-30__13:08:18 /opt/google/chrome/chrome 14629 victoria 2.10% 4.00%
-2020-04-30__13:08:28 /opt/google/chrome/chrome 14629 victoria 2.10% 4.00%
-2020-04-30__13:08:38 /opt/google/chrome/chrome 14629 victoria 2.10% 4.00%
-2020-04-30__13:08:48 /opt/google/chrome/chrome 14629 victoria 2.10% 4.00%
-2020-04-30__13:08:59 /opt/google/chrome/chrome 14629 victoria 2.10% 4.00%
-2020-04-30__13:09:09 /opt/google/chrome/chrome 14629 victoria 2.10% 4.00%
-2020-04-30__13:09:19 /opt/google/chrome/chrome 14629 victoria 2.10% 4.00%
-2020-04-30__13:09:29 /opt/google/chrome/chrome 14629 victoria 2.10% 4.00%
-2020-04-30__13:09:39 /opt/google/chrome/chrome 14629 victoria 2.00% 4.00%
-2020-04-30__13:09:49 /opt/google/chrome/chrome 14629 victoria 2.00% 4.00%
-2020-04-30__13:09:59 /opt/google/chrome/chrome 14629 victoria 2.00% 4.00%
-2020-04-30__13:10:10 /opt/google/chrome/chrome 14629 victoria 2.00% 4.00%
-2020-04-30__13:10:20 /opt/google/chrome/chrome 14629 victoria 2.00% 4.00%
-2020-04-30__13:10:30 /opt/google/chrome/chrome 14629 victoria 2.00% 4.00%
-2020-04-30__13:10:40 /opt/google/chrome/chrome 14629 victoria 2.00% 4.00%
-2020-04-30__13:10:50 /opt/google/chrome/chrome 14629 victoria 2.00% 4.00%
-2020-04-30__13:11:00 /opt/google/chrome/chrome 14629 victoria 2.00% 4.00%
-2020-04-30__13:11:10 /opt/google/chrome/chrome 14629 victoria 2.00% 4.00%
-2020-04-30__13:11:20 /opt/google/chrome/chrome 14629 victoria 2.00% 4.00%
-2020-04-30__13:11:31 /opt/google/chrome/chrome 14629 victoria 1.90% 4.00%
-2020-04-30__13:11:41 /opt/google/chrome/chrome 14629 victoria 1.90% 4.00%
-2020-04-30__13:11:51 /opt/google/chrome/chrome 14629 victoria 1.90% 4.00%
-2020-04-30__13:12:01 /opt/google/chrome/chrome 14629 victoria 1.90% 4.00%
-2020-04-30__13:12:11 /opt/google/chrome/chrome 14629 victoria 1.90% 4.00%
-2020-04-30__13:12:21 /opt/google/chrome/chrome 14629 victoria 1.90% 4.00%
-2020-04-30__13:12:31 /opt/google/chrome/chrome 14629 victoria 1.90% 4.00%
-2020-04-30__13:12:42 /opt/google/chrome/chrome 14629 victoria 1.90% 4.00%
-2020-04-30__13:12:52 /opt/google/chrome/chrome 14629 victoria 1.90% 4.00%
-2020-04-30__13:13:02 /opt/google/chrome/chrome 14629 victoria 1.90% 4.00%
-2020-04-30__13:13:12 /opt/google/chrome/chrome 14629 victoria 1.90% 4.00%
-2020-04-30__13:13:22 /opt/google/chrome/chrome 14629 victoria 1.90% 4.00%
-2020-04-30__13:13:32 /opt/google/chrome/chrome 14629 victoria 1.80% 4.00%
-2020-04-30__13:13:42 /opt/google/chrome/chrome 14629 victoria 1.80% 4.00%
-2020-04-30__13:13:53 /opt/google/chrome/chrome 14629 victoria 1.80% 4.00%
-2020-04-30__13:14:03 /opt/google/chrome/chrome 14629 victoria 1.80% 4.00%
-2020-04-30__13:14:13 /opt/google/chrome/chrome 14629 victoria 1.80% 4.00%
-2020-04-30__13:14:23 /opt/google/chrome/chrome 14629 victoria 1.80% 4.00%
-2020-04-30__13:14:33 /opt/google/chrome/chrome 14629 victoria 1.80% 4.00%
-2020-04-30__13:14:43 /opt/google/chrome/chrome 14629 victoria 1.80% 4.00%
-2020-04-30__13:14:53 /opt/google/chrome/chrome 14629 victoria 1.80% 4.00%
-2020-04-30__13:15:04 /opt/google/chrome/chrome 14629 victoria 1.80% 4.00%
-2020-04-30__13:15:14 /opt/google/chrome/chrome 14629 victoria 1.80% 4.00%
-2020-04-30__13:15:24 /opt/google/chrome/chrome 14629 victoria 1.80% 4.00%
-2020-04-30__13:15:34 /opt/google/chrome/chrome 14629 victoria 1.80% 4.00%
-2020-04-30__13:15:44 /opt/google/chrome/chrome 14629 victoria 1.70% 4.00%
-2020-04-30__13:15:54 /opt/google/chrome/chrome 14629 victoria 1.70% 4.00%
-2020-04-30__13:16:04 /opt/google/chrome/chrome 14629 victoria 1.70% 4.00%
-2020-04-30__13:16:15 /opt/google/chrome/chrome 14629 victoria 1.70% 4.00%
-2020-04-30__13:16:25 /opt/google/chrome/chrome 14629 victoria 1.70% 4.00%
-2020-04-30__13:16:35 /opt/google/chrome/chrome 14629 victoria 1.70% 4.00%
-2020-04-30__13:16:45 /opt/google/chrome/chrome 14629 victoria 1.70% 4.00%
-2020-04-30__13:16:55 /opt/google/chrome/chrome 14629 victoria 1.70% 4.00%
-2020-04-30__13:17:05 /opt/google/chrome/chrome 14629 victoria 1.70% 4.00%
-2020-04-30__13:17:15 /opt/google/chrome/chrome 14629 victoria 1.70% 4.00%
-2020-04-30__13:17:26 /opt/google/chrome/chrome 14629 victoria 1.70% 4.00%
-2020-04-30__13:17:36 /opt/google/chrome/chrome 14629 victoria 1.70% 4.00%
-2020-04-30__13:17:46 /opt/google/chrome/chrome 14629 victoria 1.70% 4.00%
-2020-04-30__13:17:56 /opt/google/chrome/chrome 14629 victoria 1.70% 4.00%
-2020-04-30__13:18:06 /opt/google/chrome/chrome 14629 victoria 1.70% 4.00%
-2020-04-30__13:18:16 /opt/google/chrome/chrome 14629 victoria 1.60% 4.00%
-2020-04-30__13:18:26 /opt/google/chrome/chrome 14629 victoria 1.60% 4.00%
-2020-04-30__13:18:36 /opt/google/chrome/chrome 14629 victoria 1.60% 4.00%
-2020-04-30__13:18:47 /opt/google/chrome/chrome 14629 victoria 1.60% 4.00%
-2020-04-30__13:18:57 /opt/google/chrome/chrome 14629 victoria 1.60% 4.00%
-2020-04-30__13:19:07 /opt/google/chrome/chrome 14629 victoria 1.60% 4.00%
-